{"level":30,"time":1783562708105,"pid":33619,"hostname":"codespaces-f0b521","reqId":"t4tq2x62","method":"GET","route":"/api/tasks","status":"all","count":0,"msg":"listed tasks"}
{"level":30,"time":1783562708147,"pid":33619,"hostname":"codespaces-f0b521","reqId":"l51lhaga","method":"GET","route":"/api/tasks","status":"all","count":0,"msg":"listed tasks"}
{"level":30,"time":1783562717358,"pid":33619,"hostname":"codespaces-f0b521","reqId":"97vhj2zl","method":"POST","route":"/api/tasks","payload":{"title":"Book flights for the offsite","dueDate":"2026-07-21"},"msg":"creating task"}
{"level":30,"time":1783562717361,"pid":33619,"hostname":"codespaces-f0b521","reqId":"97vhj2zl","method":"POST","route":"/api/tasks","taskId":"agnypf5h","msg":"task created"}
{"level":30,"time":1783562717545,"pid":33619,"hostname":"codespaces-f0b521","reqId":"86s5j35k","method":"GET","route":"/api/tasks","status":"all","count":1,"msg":"listed tasks"}
{"level":30,"time":1783562717724,"pid":33619,"hostname":"codespaces-f0b521","reqId":"yv5jstg6","method":"POST","route":"/api/tasks","payload":{"title":"Update the on-call rota"},"msg":"creating task"}
{"level":30,"time":1783562717728,"pid":33619,"hostname":"codespaces-f0b521","reqId":"yv5jstg6","method":"POST","route":"/api/tasks","taskId":"8pdxoa44","msg":"task created"}
{"level":30,"time":1783562717999,"pid":33619,"hostname":"codespaces-f0b521","reqId":"imnxe2jv","method":"POST","route":"/api/tasks","payload":{"title":"Send April usage report to finance","dueDate":"2026-07-03"},"msg":"creating task"}
{"level":30,"time":1783562718003,"pid":33619,"hostname":"codespaces-f0b521","reqId":"imnxe2jv","method":"POST","route":"/api/tasks","taskId":"614eaeb9","msg":"task created"}
{"level":30,"time":1783562718310,"pid":33619,"hostname":"codespaces-f0b521","reqId":"4sm81237","method":"GET","route":"/api/tasks","status":"all","count":3,"msg":"listed tasks"}
{"level":30,"time":1783562718671,"pid":33619,"hostname":"codespaces-f0b521","reqId":"ik0srx9g","method":"POST","route":"/api/tasks","payload":{"title":"Fix flaky deploy notification"},"msg":"creating task"}
{"level":30,"time":1783562718673,"pid":33619,"hostname":"codespaces-f0b521","reqId":"ik0srx9g","method":"POST","route":"/api/tasks","taskId":"2acyiym1","msg":"task created"}
{"level":30,"time":1783562718923,"pid":33619,"hostname":"codespaces-f0b521","reqId":"9x7tx6el","method":"POST","route":"/api/tasks","payload":{"title":"Draft blog post on the new importer","dueDate":"2026-07-18"},"msg":"creating task"}
{"level":30,"time":1783562718925,"pid":33619,"hostname":"codespaces-f0b521","reqId":"9x7tx6el","method":"POST","route":"/api/tasks","taskId":"602kxo72","msg":"task created"}
{"level":30,"time":1783562719096,"pid":33619,"hostname":"codespaces-f0b521","reqId":"uv3mo5ge","method":"POST","route":"/api/tasks","payload":{"title":"Renew staging TLS cert","dueDate":"2026-07-12"},"msg":"creating task"}
{"level":30,"time":1783562719098,"pid":33619,"hostname":"codespaces-f0b521","reqId":"uv3mo5ge","method":"POST","route":"/api/tasks","taskId":"548698wv","msg":"task created"}
{"level":30,"time":1783562719503,"pid":33619,"hostname":"codespaces-f0b521","reqId":"nf35fnp1","method":"GET","route":"/api/tasks","status":"all","count":6,"msg":"listed tasks"}
{"level":30,"time":1783562719630,"pid":33619,"hostname":"codespaces-f0b521","reqId":"34qmie0y","method":"POST","route":"/api/tasks","payload":{"title":"Review Priya's schema migration PR"},"msg":"creating task"}
{"level":30,"time":1783562719634,"pid":33619,"hostname":"codespaces-f0b521","reqId":"34qmie0y","method":"POST","route":"/api/tasks","taskId":"61tgb989","msg":"task created"}
{"level":30,"time":1783562719875,"pid":33619,"hostname":"codespaces-f0b521","reqId":"qgggc1mi","method":"POST","route":"/api/tasks","payload":{"title":"Order more standing desks"},"msg":"creating task"}
{"level":30,"time":1783562719877,"pid":33619,"hostname":"codespaces-f0b521","reqId":"qgggc1mi","method":"POST","route":"/api/tasks","taskId":"w9fj6pwv","msg":"task created"}
{"level":30,"time":1783562720150,"pid":33619,"hostname":"codespaces-f0b521","reqId":"jlmvt86j","method":"POST","route":"/api/tasks","payload":{"title":"Prep quarterly security questionnaire","dueDate":"2026-07-24"},"msg":"creating task"}
{"level":30,"time":1783562720152,"pid":33619,"hostname":"codespaces-f0b521","reqId":"jlmvt86j","method":"POST","route":"/api/tasks","taskId":"eauls36k","msg":"task created"}
{"level":30,"time":1783562720583,"pid":33619,"hostname":"codespaces-f0b521","reqId":"temq2x7k","method":"POST","route":"/api/tasks","payload":{"title":"Follow up with the vendor about the Q3 invoice discrepancy they emailed about last week — finance needs an answer before the board meeting"},"msg":"creating task"}
{"level":30,"time":1783562720585,"pid":33619,"hostname":"codespaces-f0b521","reqId":"temq2x7k","method":"POST","route":"/api/tasks","taskId":"ic8ojap5","msg":"task created"}
{"level":30,"time":1783562720937,"pid":33619,"hostname":"codespaces-f0b521","reqId":"y7zwrr20","method":"POST","route":"/api/tasks","payload":{"title":"Clean up unused feature flags"},"msg":"creating task"}
{"level":30,"time":1783562720940,"pid":33619,"hostname":"codespaces-f0b521","reqId":"y7zwrr20","method":"POST","route":"/api/tasks","taskId":"qm5u4rrm","msg":"task created"}
{"level":30,"time":1783562721448,"pid":33619,"hostname":"codespaces-f0b521","reqId":"4sxd216p","method":"POST","route":"/api/tasks","payload":{"title":"Schedule dentist (again)","dueDate":"2026-07-07"},"msg":"creating task"}
{"level":30,"time":1783562721479,"pid":33619,"hostname":"codespaces-f0b521","reqId":"4sxd216p","method":"POST","route":"/api/tasks","taskId":"3tf9zanw","msg":"task created"}
{"level":30,"time":1783562722099,"pid":33619,"hostname":"codespaces-f0b521","reqId":"tg8xkqy7","method":"POST","route":"/api/tasks","payload":{"title":"Reply to Dana re: onboarding docs — she asked whether new starters need VPN access before their laptops arrive or if IT sorts it"},"msg":"creating task"}
{"level":30,"time":1783562722105,"pid":33619,"hostname":"codespaces-f0b521","reqId":"tg8xkqy7","method":"POST","route":"/api/tasks","taskId":"y6yszf9j","msg":"task created"}
{"level":30,"time":1783562722288,"pid":33619,"hostname":"codespaces-f0b521","reqId":"4mlz533e","method":"GET","route":"/api/tasks","status":"all","count":13,"msg":"listed tasks"}
{"level":30,"time":1783562722644,"pid":33619,"hostname":"codespaces-f0b521","reqId":"so5fjjx3","method":"POST","route":"/api/tasks","payload":{"title":"Rotate the shared demo account password","dueDate":"2026-07-14"},"msg":"creating task"}
{"level":30,"time":1783562722648,"pid":33619,"hostname":"codespaces-f0b521","reqId":"so5fjjx3","method":"POST","route":"/api/tasks","taskId":"kbls3r8i","msg":"task created"}
{"level":30,"time":1783562723123,"pid":33619,"hostname":"codespaces-f0b521","reqId":"hfszwtsb","method":"GET","route":"/api/tasks","status":"all","count":14,"msg":"listed tasks"}
{"level":30,"time":1783562723306,"pid":33619,"hostname":"codespaces-f0b521","reqId":"is53m8d7","method":"POST","route":"/api/tasks","payload":{"title":"Write runbook for the nightly export job"},"msg":"creating task"}
{"level":30,"time":1783562723308,"pid":33619,"hostname":"codespaces-f0b521","reqId":"is53m8d7","method":"POST","route":"/api/tasks","taskId":"6tl6c93v","msg":"task created"}
{"level":30,"time":1783562723694,"pid":33619,"hostname":"codespaces-f0b521","reqId":"z1mkm5so","method":"GET","route":"/api/tasks","status":"all","count":15,"msg":"listed tasks"}
{"level":30,"time":1783562723846,"pid":33619,"hostname":"codespaces-f0b521","reqId":"uuxoatgs","method":"POST","route":"/api/tasks","payload":{"title":"Chase legal for redlines on the MSA renewal (they said end of week, it is now the week after and sales is getting antsy about the close date)"},"msg":"creating task"}
{"level":30,"time":1783562723876,"pid":33619,"hostname":"codespaces-f0b521","reqId":"uuxoatgs","method":"POST","route":"/api/tasks","taskId":"cpk2496u","msg":"task created"}
{"level":30,"time":1783562724435,"pid":33619,"hostname":"codespaces-f0b521","reqId":"sq16c2ka","method":"POST","route":"/api/tasks","payload":{"title":"Triage inbox zero attempt #47"},"msg":"creating task"}
{"level":30,"time":1783562724437,"pid":33619,"hostname":"codespaces-f0b521","reqId":"sq16c2ka","method":"POST","route":"/api/tasks","taskId":"2jokpv3y","msg":"task created"}
{"level":30,"time":1783562724766,"pid":33619,"hostname":"codespaces-f0b521","reqId":"z1qf55es","method":"GET","route":"/api/tasks","status":"all","count":17,"msg":"listed tasks"}
{"level":30,"time":1783562725014,"pid":33619,"hostname":"codespaces-f0b521","reqId":"jickbqiv","method":"POST","route":"/api/tasks","payload":{"title":"Upgrade CI runners to node 24","dueDate":"2026-07-29"},"msg":"creating task"}
{"level":30,"time":1783562725016,"pid":33619,"hostname":"codespaces-f0b521","reqId":"jickbqiv","method":"POST","route":"/api/tasks","taskId":"vdmxc99h","msg":"task created"}
{"level":30,"time":1783562725550,"pid":33619,"hostname":"codespaces-f0b521","reqId":"khushwi2","method":"POST","route":"/api/tasks","payload":{"title":"Collect talk proposals for the eng all-hands"},"msg":"creating task"}
{"level":30,"time":1783562725552,"pid":33619,"hostname":"codespaces-f0b521","reqId":"khushwi2","method":"POST","route":"/api/tasks","taskId":"8dhveb0b","msg":"task created"}
{"level":30,"time":1783562725947,"pid":33619,"hostname":"codespaces-f0b521","reqId":"dv1f0lps","method":"GET","route":"/api/tasks","status":"all","count":19,"msg":"listed tasks"}
{"level":30,"time":1783562726113,"pid":33619,"hostname":"codespaces-f0b521","reqId":"lf9yqxoc","method":"POST","route":"/api/tasks","payload":{"title":"Swap the office router","dueDate":"2026-07-10"},"msg":"creating task"}
{"level":30,"time":1783562726115,"pid":33619,"hostname":"codespaces-f0b521","reqId":"lf9yqxoc","method":"POST","route":"/api/tasks","taskId":"3tkfgnrr","msg":"task created"}
{"level":30,"time":1783562728489,"pid":33619,"hostname":"codespaces-f0b521","reqId":"zo80q70e","method":"PATCH","route":"/api/tasks/:id","taskId":"2acyiym1","payload":{"title":"Fix flaky deploy notification (Slack webhook times out)"},"msg":"updating task"}
{"level":30,"time":1783562728497,"pid":33619,"hostname":"codespaces-f0b521","reqId":"zo80q70e","method":"PATCH","route":"/api/tasks/:id","taskId":"2acyiym1","msg":"task updated"}
{"level":30,"time":1783562728933,"pid":33619,"hostname":"codespaces-f0b521","reqId":"amdnbb36","method":"PATCH","route":"/api/tasks/:id","taskId":"548698wv","payload":{"title":"Renew staging TLS cert before Friday"},"msg":"updating task"}
{"level":30,"time":1783562728941,"pid":33619,"hostname":"codespaces-f0b521","reqId":"amdnbb36","method":"PATCH","route":"/api/tasks/:id","taskId":"548698wv","msg":"task updated"}
{"level":30,"time":1783562729357,"pid":33619,"hostname":"codespaces-f0b521","reqId":"d7w97mtn","method":"PATCH","route":"/api/tasks/:id","taskId":"2jokpv3y","payload":{"title":"Triage support inbox"},"msg":"updating task"}
{"level":30,"time":1783562729360,"pid":33619,"hostname":"codespaces-f0b521","reqId":"d7w97mtn","method":"PATCH","route":"/api/tasks/:id","taskId":"2jokpv3y","msg":"task updated"}
{"level":30,"time":1783562729782,"pid":33619,"hostname":"codespaces-f0b521","reqId":"mob3d14w","method":"PATCH","route":"/api/tasks/:id","taskId":"8pdxoa44","payload":{"completed":true},"msg":"updating task"}
{"level":30,"time":1783562729786,"pid":33619,"hostname":"codespaces-f0b521","reqId":"mob3d14w","method":"PATCH","route":"/api/tasks/:id","taskId":"8pdxoa44","msg":"task updated"}
{"level":30,"time":1783562730323,"pid":33619,"hostname":"codespaces-f0b521","reqId":"kbsydws0","method":"GET","route":"/api/tasks","status":"active","count":19,"msg":"listed tasks"}
{"level":30,"time":1783562730536,"pid":33619,"hostname":"codespaces-f0b521","reqId":"7khwpy1d","method":"PATCH","route":"/api/tasks/:id","taskId":"614eaeb9","payload":{"completed":true},"msg":"updating task"}
{"level":30,"time":1783562730539,"pid":33619,"hostname":"codespaces-f0b521","reqId":"7khwpy1d","method":"PATCH","route":"/api/tasks/:id","taskId":"614eaeb9","msg":"task updated"}
{"level":30,"time":1783562731066,"pid":33619,"hostname":"codespaces-f0b521","reqId":"fomaofhf","method":"PATCH","route":"/api/tasks/:id","taskId":"602kxo72","payload":{"completed":true},"msg":"updating task"}
{"level":30,"time":1783562731072,"pid":33619,"hostname":"codespaces-f0b521","reqId":"fomaofhf","method":"PATCH","route":"/api/tasks/:id","taskId":"602kxo72","msg":"task updated"}
{"level":30,"time":1783562731603,"pid":33619,"hostname":"codespaces-f0b521","reqId":"3c73yg87","method":"GET","route":"/api/tasks","status":"done","count":17,"msg":"listed tasks"}
{"level":30,"time":1783562731768,"pid":33619,"hostname":"codespaces-f0b521","reqId":"ugltgrl6","method":"PATCH","route":"/api/tasks/:id","taskId":"61tgb989","payload":{"completed":true},"msg":"updating task"}
{"level":30,"time":1783562731787,"pid":33619,"hostname":"codespaces-f0b521","reqId":"ugltgrl6","method":"PATCH","route":"/api/tasks/:id","taskId":"61tgb989","msg":"task updated"}
{"level":30,"time":1783562732204,"pid":33619,"hostname":"codespaces-f0b521","reqId":"gr20ujf7","method":"PATCH","route":"/api/tasks/:id","taskId":"ic8ojap5","payload":{"completed":true},"msg":"updating task"}
{"level":50,"time":1783562732206,"pid":33619,"hostname":"codespaces-f0b521","reqId":"gr20ujf7","method":"PATCH","route":"/api/tasks/:id","err":{"type":"ZodError","message":"[\n  {\n    \"origin\": \"string\",\n    \"code\": \"too_big\",\n    \"maximum\": 100,\n    \"inclusive\": true,\n    \"path\": [\n      \"title\"\n    ],\n    \"message\": \"Too big: expected string to have <=100 characters\"\n  }\n]","stack":"ZodError: [\n  {\n    \"origin\": \"string\",\n    \"code\": \"too_big\",\n    \"maximum\": 100,\n    \"inclusive\": true,\n    \"path\": [\n      \"title\"\n    ],\n    \"message\": \"Too big: expected string to have <=100 characters\"\n  }\n]\n    at PATCH (/workspaces/BugfixPrototype/demo-app/.next/dev/server/chunks/[root-of-the-server]__06xxp8e._.js:171:139)\n    at async AppRouteRouteModule.do (/workspaces/BugfixPrototype/demo-app/node_modules/next/dist/compiled/next-server/app-route-turbo.runtime.dev.js:5:40131)\n    at async AppRouteRouteModule.handle (/workspaces/BugfixPrototype/demo-app/node_modules/next/dist/compiled/next-server/app-route-turbo.runtime.dev.js:5:47411)\n    at async responseGenerator (/workspaces/BugfixPrototype/demo-app/.next/dev/server/chunks/node_modules_next_dist_07t3a65._.js:10499:38)\n    at async AppRouteRouteModule.handleResponse (/workspaces/BugfixPrototype/demo-app/node_modules/next/dist/compiled/next-server/app-route-turbo.runtime.dev.js:1:228552)\n    at async handleResponse (/workspaces/BugfixPrototype/demo-app/.next/dev/server/chunks/node_modules_next_dist_07t3a65._.js:10562:32)\n    at async Module.handler (/workspaces/BugfixPrototype/demo-app/.next/dev/server/chunks/node_modules_next_dist_07t3a65._.js:10616:13)\n    at async DevServer.renderToResponseWithComponentsImpl (/workspaces/BugfixPrototype/demo-app/node_modules/next/dist/server/base-server.js:1462:9)\n    at async DevServer.renderPageComponent (/workspaces/BugfixPrototype/demo-app/node_modules/next/dist/server/base-server.js:1514:24)\n    at async DevServer.renderToResponseImpl (/workspaces/BugfixPrototype/demo-app/node_modules/next/dist/server/base-server.js:1564:32)\n    at async DevServer.pipeImpl (/workspaces/BugfixPrototype/demo-app/node_modules/next/dist/server/base-server.js:1044:25)\n    at async NextNodeServer.handleCatchallRenderRequest (/workspaces/BugfixPrototype/demo-app/node_modules/next/dist/server/next-server.js:338:17)\n    at async DevServer.handleRequestImpl (/workspaces/BugfixPrototype/demo-app/node_modules/next/dist/server/base-server.js:935:17)\n    at async /workspaces/BugfixPrototype/demo-app/node_modules/next/dist/server/dev/next-dev-server.js:394:20\n    at async Span.traceAsyncFn (/workspaces/BugfixPrototype/demo-app/node_modules/next/dist/trace/trace.js:164:20)\n    at async DevServer.handleRequest (/workspaces/BugfixPrototype/demo-app/node_modules/next/dist/server/dev/next-dev-server.js:390:24)\n    at async invokeRender (/workspaces/BugfixPrototype/demo-app/node_modules/next/dist/server/lib/router-server.js:266:21)\n    at async handleRequest (/workspaces/BugfixPrototype/demo-app/node_modules/next/dist/server/lib/router-server.js:465:24)\n    at async requestHandlerImpl (/workspaces/BugfixPrototype/demo-app/node_modules/next/dist/server/lib/router-server.js:514:13)\n    at async Server.requestListener (/workspaces/BugfixPrototype/demo-app/node_modules/next/dist/server/lib/start-server.js:225:13)","name":"ZodError"},"taskId":"ic8ojap5","msg":"task update failed validation"}
{"level":30,"time":1783562732208,"pid":33619,"hostname":"codespaces-f0b521","reqId":"gr20ujf7","method":"PATCH","route":"/api/tasks/:id","taskId":"ic8ojap5","msg":"task updated"}
{"level":30,"time":1783562732537,"pid":33619,"hostname":"codespaces-f0b521","reqId":"v7iwz824","method":"GET","route":"/api/tasks","status":"active","count":15,"msg":"listed tasks"}
{"level":30,"time":1783562732763,"pid":33619,"hostname":"codespaces-f0b521","reqId":"inoauc4f","method":"PATCH","route":"/api/tasks/:id","taskId":"3tf9zanw","payload":{"completed":true},"msg":"updating task"}
{"level":30,"time":1783562732777,"pid":33619,"hostname":"codespaces-f0b521","reqId":"inoauc4f","method":"PATCH","route":"/api/tasks/:id","taskId":"3tf9zanw","msg":"task updated"}
{"level":30,"time":1783562733590,"pid":33619,"hostname":"codespaces-f0b521","reqId":"q6grt1no","method":"GET","route":"/api/tasks","status":"done","count":14,"msg":"listed tasks"}
{"level":30,"time":1783562733999,"pid":33619,"hostname":"codespaces-f0b521","reqId":"9gd2ezqa","method":"PATCH","route":"/api/tasks/:id","taskId":"y6yszf9j","payload":{"completed":true},"msg":"updating task"}
{"level":50,"time":1783562734029,"pid":33619,"hostname":"codespaces-f0b521","reqId":"9gd2ezqa","method":"PATCH","route":"/api/tasks/:id","err":{"type":"ZodError","message":"[\n  {\n    \"origin\": \"string\",\n    \"code\": \"too_big\",\n    \"maximum\": 100,\n    \"inclusive\": true,\n    \"path\": [\n      \"title\"\n    ],\n    \"message\": \"Too big: expected string to have <=100 characters\"\n  }\n]","stack":"ZodError: [\n  {\n    \"origin\": \"string\",\n    \"code\": \"too_big\",\n    \"maximum\": 100,\n    \"inclusive\": true,\n    \"path\": [\n      \"title\"\n    ],\n    \"message\": \"Too big: expected string to have <=100 characters\"\n  }\n]\n    at PATCH (/workspaces/BugfixPrototype/demo-app/.next/dev/server/chunks/[root-of-the-server]__06xxp8e._.js:171:139)\n    at async AppRouteRouteModule.do (/workspaces/BugfixPrototype/demo-app/node_modules/next/dist/compiled/next-server/app-route-turbo.runtime.dev.js:5:40131)\n    at async AppRouteRouteModule.handle (/workspaces/BugfixPrototype/demo-app/node_modules/next/dist/compiled/next-server/app-route-turbo.runtime.dev.js:5:47411)\n    at async responseGenerator (/workspaces/BugfixPrototype/demo-app/.next/dev/server/chunks/node_modules_next_dist_07t3a65._.js:10499:38)\n    at async AppRouteRouteModule.handleResponse (/workspaces/BugfixPrototype/demo-app/node_modules/next/dist/compiled/next-server/app-route-turbo.runtime.dev.js:1:228552)\n    at async handleResponse (/workspaces/BugfixPrototype/demo-app/.next/dev/server/chunks/node_modules_next_dist_07t3a65._.js:10562:32)\n    at async Module.handler (/workspaces/BugfixPrototype/demo-app/.next/dev/server/chunks/node_modules_next_dist_07t3a65._.js:10616:13)\n    at async DevServer.renderToResponseWithComponentsImpl (/workspaces/BugfixPrototype/demo-app/node_modules/next/dist/server/base-server.js:1462:9)\n    at async DevServer.renderPageComponent (/workspaces/BugfixPrototype/demo-app/node_modules/next/dist/server/base-server.js:1514:24)\n    at async DevServer.renderToResponseImpl (/workspaces/BugfixPrototype/demo-app/node_modules/next/dist/server/base-server.js:1564:32)\n    at async DevServer.pipeImpl (/workspaces/BugfixPrototype/demo-app/node_modules/next/dist/server/base-server.js:1044:25)\n    at async NextNodeServer.handleCatchallRenderRequest (/workspaces/BugfixPrototype/demo-app/node_modules/next/dist/server/next-server.js:338:17)\n    at async DevServer.handleRequestImpl (/workspaces/BugfixPrototype/demo-app/node_modules/next/dist/server/base-server.js:935:17)\n    at async /workspaces/BugfixPrototype/demo-app/node_modules/next/dist/server/dev/next-dev-server.js:394:20\n    at async Span.traceAsyncFn (/workspaces/BugfixPrototype/demo-app/node_modules/next/dist/trace/trace.js:164:20)\n    at async DevServer.handleRequest (/workspaces/BugfixPrototype/demo-app/node_modules/next/dist/server/dev/next-dev-server.js:390:24)\n    at async invokeRender (/workspaces/BugfixPrototype/demo-app/node_modules/next/dist/server/lib/router-server.js:266:21)\n    at async handleRequest (/workspaces/BugfixPrototype/demo-app/node_modules/next/dist/server/lib/router-server.js:465:24)\n    at async requestHandlerImpl (/workspaces/BugfixPrototype/demo-app/node_modules/next/dist/server/lib/router-server.js:514:13)\n    at async Server.requestListener (/workspaces/BugfixPrototype/demo-app/node_modules/next/dist/server/lib/start-server.js:225:13)","name":"ZodError"},"taskId":"y6yszf9j","msg":"task update failed validation"}
{"level":30,"time":1783562734031,"pid":33619,"hostname":"codespaces-f0b521","reqId":"9gd2ezqa","method":"PATCH","route":"/api/tasks/:id","taskId":"y6yszf9j","msg":"task updated"}
{"level":30,"time":1783562734389,"pid":33619,"hostname":"codespaces-f0b521","reqId":"et1jvkmz","method":"GET","route":"/api/tasks","status":"active","count":13,"msg":"listed tasks"}
{"level":30,"time":1783562734697,"pid":33619,"hostname":"codespaces-f0b521","reqId":"s6nnbuy8","method":"PATCH","route":"/api/tasks/:id","taskId":"6tl6c93v","payload":{"completed":true},"msg":"updating task"}
{"level":30,"time":1783562734700,"pid":33619,"hostname":"codespaces-f0b521","reqId":"s6nnbuy8","method":"PATCH","route":"/api/tasks/:id","taskId":"6tl6c93v","msg":"task updated"}
{"level":30,"time":1783562734936,"pid":33619,"hostname":"codespaces-f0b521","reqId":"wpayk1py","method":"GET","route":"/api/tasks","status":"active","count":12,"msg":"listed tasks"}
{"level":30,"time":1783562735233,"pid":33619,"hostname":"codespaces-f0b521","reqId":"ymk2anqp","method":"PATCH","route":"/api/tasks/:id","taskId":"vdmxc99h","payload":{"completed":true},"msg":"updating task"}
{"level":30,"time":1783562735236,"pid":33619,"hostname":"codespaces-f0b521","reqId":"ymk2anqp","method":"PATCH","route":"/api/tasks/:id","taskId":"vdmxc99h","msg":"task updated"}
{"level":30,"time":1783562735470,"pid":33619,"hostname":"codespaces-f0b521","reqId":"ldhf30fe","method":"PATCH","route":"/api/tasks/:id","taskId":"61tgb989","payload":{"completed":false},"msg":"updating task"}
{"level":30,"time":1783562735473,"pid":33619,"hostname":"codespaces-f0b521","reqId":"ldhf30fe","method":"PATCH","route":"/api/tasks/:id","taskId":"61tgb989","msg":"task updated"}
{"level":30,"time":1783562735782,"pid":33619,"hostname":"codespaces-f0b521","reqId":"a2bd8jem","method":"GET","route":"/api/tasks","status":"all","count":18,"msg":"listed tasks"}
{"level":30,"time":1783562790305,"pid":33619,"hostname":"codespaces-f0b521","reqId":"dsal03sz","method":"GET","route":"/api/tasks","status":"all","count":18,"msg":"listed tasks"}
{"level":30,"time":1783562790532,"pid":33619,"hostname":"codespaces-f0b521","reqId":"aml4et0y","method":"GET","route":"/api/tasks","status":"done","count":12,"msg":"listed tasks"}
{"level":30,"time":1783562791269,"pid":33619,"hostname":"codespaces-f0b521","reqId":"vzp4fenp","method":"GET","route":"/api/tasks","status":"all","count":18,"msg":"listed tasks"}
{"level":30,"time":1783562791694,"pid":33619,"hostname":"codespaces-f0b521","reqId":"4gkw9nmq","method":"GET","route":"/api/tasks","status":"done","count":12,"msg":"listed tasks"}
{"level":30,"time":1783562792522,"pid":33619,"hostname":"codespaces-f0b521","reqId":"13xzs7xa","method":"GET","route":"/api/tasks","status":"done","count":12,"msg":"listed tasks"}
{"level":30,"time":1783562793149,"pid":33619,"hostname":"codespaces-f0b521","reqId":"orgmlu7b","method":"GET","route":"/api/tasks","status":"all","count":18,"msg":"listed tasks"}
{"level":30,"time":1783562793788,"pid":33619,"hostname":"codespaces-f0b521","reqId":"wqkv1cmr","method":"GET","route":"/api/tasks","status":"done","count":12,"msg":"listed tasks"}
{"level":30,"time":1783562794133,"pid":33619,"hostname":"codespaces-f0b521","reqId":"733ak2yl","method":"GET","route":"/api/tasks","status":"all","count":18,"msg":"listed tasks"}
{"level":30,"time":1783562794365,"pid":33619,"hostname":"codespaces-f0b521","reqId":"7zbn5yrb","method":"GET","route":"/api/tasks","status":"active","count":12,"msg":"listed tasks"}
{"level":30,"time":1783562795087,"pid":33619,"hostname":"codespaces-f0b521","reqId":"ar75u27z","method":"GET","route":"/api/tasks","status":"all","count":18,"msg":"listed tasks"}
{"level":30,"time":1783562795310,"pid":33619,"hostname":"codespaces-f0b521","reqId":"dpu8octu","method":"GET","route":"/api/tasks","status":"all","count":18,"msg":"listed tasks"}
{"level":30,"time":1783562795934,"pid":33619,"hostname":"codespaces-f0b521","reqId":"7ozahopl","method":"GET","route":"/api/tasks","status":"all","count":18,"msg":"listed tasks"}
{"level":30,"time":1783562796567,"pid":33619,"hostname":"codespaces-f0b521","reqId":"pgy8wrwq","method":"GET","route":"/api/tasks","status":"active","count":12,"msg":"listed tasks"}
{"level":30,"time":1783562797292,"pid":33619,"hostname":"codespaces-f0b521","reqId":"tnhzghin","method":"GET","route":"/api/tasks","status":"done","count":12,"msg":"listed tasks"}
{"level":30,"time":1783562798122,"pid":33619,"hostname":"codespaces-f0b521","reqId":"p4w2gyng","method":"POST","route":"/api/tasks","payload":{"title":"Ping Marco about the retro"},"msg":"creating task"}
{"level":30,"time":1783562798129,"pid":33619,"hostname":"codespaces-f0b521","reqId":"p4w2gyng","method":"POST","route":"/api/tasks","taskId":"aaco6pej","msg":"task created"}
{"level":30,"time":1783562799197,"pid":33619,"hostname":"codespaces-f0b521","reqId":"uobcu2yi","method":"PATCH","route":"/api/tasks/:id","taskId":"aaco6pej","payload":{"completed":true},"msg":"updating task"}
{"level":30,"time":1783562799221,"pid":33619,"hostname":"codespaces-f0b521","reqId":"uobcu2yi","method":"PATCH","route":"/api/tasks/:id","taskId":"aaco6pej","msg":"task updated"}
{"level":30,"time":1783562799258,"pid":33619,"hostname":"codespaces-f0b521","reqId":"t3qkky6d","method":"GET","route":"/api/tasks","status":"active","count":12,"msg":"listed tasks"}
{"level":30,"time":1783562799398,"pid":33619,"hostname":"codespaces-f0b521","reqId":"a08vujs4","method":"POST","route":"/api/tasks","payload":{"title":"Restock coffee beans","dueDate":"2026-07-14"},"msg":"creating task"}
{"level":30,"time":1783562799403,"pid":33619,"hostname":"codespaces-f0b521","reqId":"a08vujs4","method":"POST","route":"/api/tasks","taskId":"t9c7d5yc","msg":"task created"}
{"level":30,"time":1783562799570,"pid":33619,"hostname":"codespaces-f0b521","reqId":"qp6s8a0z","method":"GET","route":"/api/tasks","status":"all","count":20,"msg":"listed tasks"}
{"level":30,"time":1783579717969,"pid":341873,"hostname":"codespaces-f0b521","reqId":"8bem6dgg","method":"POST","route":"/api/tasks","payload":{"title":"Write launch notes"},"msg":"creating task"}
{"level":30,"time":1783579718007,"pid":341873,"hostname":"codespaces-f0b521","reqId":"8bem6dgg","method":"POST","route":"/api/tasks","taskId":"ligkcxsv","msg":"task created"}
{"level":30,"time":1783579718012,"pid":341873,"hostname":"codespaces-f0b521","reqId":"f14gu30b","method":"GET","route":"/api/tasks","status":"all","count":1,"msg":"listed tasks"}
{"level":30,"time":1783579718017,"pid":341873,"hostname":"codespaces-f0b521","reqId":"nzcl012e","method":"POST","route":"/api/tasks","payload":{"dueDate":"2026-08-01"},"msg":"creating task"}
{"level":40,"time":1783579718017,"pid":341873,"hostname":"codespaces-f0b521","reqId":"nzcl012e","method":"POST","route":"/api/tasks","msg":"create rejected: missing title"}
{"level":30,"time":1783579718019,"pid":341873,"hostname":"codespaces-f0b521","reqId":"7qigpbq0","method":"POST","route":"/api/tasks","payload":{"title":"Renew SSL cert","dueDate":"2026-08-01"},"msg":"creating task"}
{"level":30,"time":1783579718021,"pid":341873,"hostname":"codespaces-f0b521","reqId":"7qigpbq0","method":"POST","route":"/api/tasks","taskId":"yepndzrs","msg":"task created"}
{"level":30,"time":1783579718022,"pid":341873,"hostname":"codespaces-f0b521","reqId":"29cc573h","method":"GET","route":"/api/tasks","status":"all","count":1,"msg":"listed tasks"}
{"level":30,"time":1783579718025,"pid":341873,"hostname":"codespaces-f0b521","reqId":"fxukbtqw","method":"POST","route":"/api/tasks","payload":{"title":"Draft agenda"},"msg":"creating task"}
{"level":30,"time":1783579718026,"pid":341873,"hostname":"codespaces-f0b521","reqId":"fxukbtqw","method":"POST","route":"/api/tasks","taskId":"lmrijato","msg":"task created"}
{"level":30,"time":1783579718027,"pid":341873,"hostname":"codespaces-f0b521","reqId":"ghvk0c9i","method":"PATCH","route":"/api/tasks/:id","taskId":"lmrijato","payload":{"title":"Draft standup agenda"},"msg":"updating task"}
{"level":30,"time":1783579718032,"pid":341873,"hostname":"codespaces-f0b521","reqId":"ghvk0c9i","method":"PATCH","route":"/api/tasks/:id","taskId":"lmrijato","msg":"task updated"}
{"level":30,"time":1783579718034,"pid":341873,"hostname":"codespaces-f0b521","reqId":"cfzf6747","method":"GET","route":"/api/tasks","status":"all","count":1,"msg":"listed tasks"}
{"level":30,"time":1783579718036,"pid":341873,"hostname":"codespaces-f0b521","reqId":"fnkvupey","method":"POST","route":"/api/tasks","payload":{"title":"Pay invoice"},"msg":"creating task"}
{"level":30,"time":1783579718037,"pid":341873,"hostname":"codespaces-f0b521","reqId":"fnkvupey","method":"POST","route":"/api/tasks","taskId":"wqlgrg8y","msg":"task created"}
{"level":30,"time":1783579718038,"pid":341873,"hostname":"codespaces-f0b521","reqId":"z2c1w0zi","method":"PATCH","route":"/api/tasks/:id","taskId":"wqlgrg8y","payload":{"completed":true},"msg":"updating task"}
{"level":30,"time":1783579718040,"pid":341873,"hostname":"codespaces-f0b521","reqId":"z2c1w0zi","method":"PATCH","route":"/api/tasks/:id","taskId":"wqlgrg8y","msg":"task updated"}
{"level":30,"time":1783579718042,"pid":341873,"hostname":"codespaces-f0b521","reqId":"8arqydpe","method":"GET","route":"/api/tasks","status":"all","count":1,"msg":"listed tasks"}
{"level":30,"time":1783579718042,"pid":341873,"hostname":"codespaces-f0b521","reqId":"lpdomu0m","method":"PATCH","route":"/api/tasks/:id","taskId":"wqlgrg8y","payload":{"completed":false},"msg":"updating task"}
{"level":30,"time":1783579718044,"pid":341873,"hostname":"codespaces-f0b521","reqId":"lpdomu0m","method":"PATCH","route":"/api/tasks/:id","taskId":"wqlgrg8y","msg":"task updated"}
{"level":30,"time":1783579718045,"pid":341873,"hostname":"codespaces-f0b521","reqId":"artnoft4","method":"GET","route":"/api/tasks","status":"all","count":1,"msg":"listed tasks"}
{"level":30,"time":1783579718047,"pid":341873,"hostname":"codespaces-f0b521","reqId":"a73e45xj","method":"PATCH","route":"/api/tasks/:id","taskId":"does-not-exist","payload":{"completed":true},"msg":"updating task"}
{"level":40,"time":1783579718048,"pid":341873,"hostname":"codespaces-f0b521","reqId":"a73e45xj","method":"PATCH","route":"/api/tasks/:id","taskId":"does-not-exist","msg":"task not found"}
{"level":30,"time":1783579718049,"pid":341873,"hostname":"codespaces-f0b521","reqId":"vzmnr0a9","method":"POST","route":"/api/tasks","payload":{"title":"Ship v1"},"msg":"creating task"}
{"level":30,"time":1783579718052,"pid":341873,"hostname":"codespaces-f0b521","reqId":"vzmnr0a9","method":"POST","route":"/api/tasks","taskId":"c59zdmvm","msg":"task created"}
{"level":30,"time":1783579718054,"pid":341873,"hostname":"codespaces-f0b521","reqId":"qo0q3fry","method":"POST","route":"/api/tasks","payload":{"title":"Ship v2"},"msg":"creating task"}
{"level":30,"time":1783579718055,"pid":341873,"hostname":"codespaces-f0b521","reqId":"qo0q3fry","method":"POST","route":"/api/tasks","taskId":"0aiuyrmg","msg":"task created"}
{"level":30,"time":1783579718056,"pid":341873,"hostname":"codespaces-f0b521","reqId":"iol96vgy","method":"PATCH","route":"/api/tasks/:id","taskId":"c59zdmvm","payload":{"completed":true},"msg":"updating task"}
{"level":30,"time":1783579718058,"pid":341873,"hostname":"codespaces-f0b521","reqId":"iol96vgy","method":"PATCH","route":"/api/tasks/:id","taskId":"c59zdmvm","msg":"task updated"}
{"level":30,"time":1783579718059,"pid":341873,"hostname":"codespaces-f0b521","reqId":"ipedj2qa","method":"GET","route":"/api/tasks","status":"active","count":1,"msg":"listed tasks"}
{"level":30,"time":1783579718061,"pid":341873,"hostname":"codespaces-f0b521","reqId":"o4xh9tlm","method":"POST","route":"/api/tasks","payload":{"title":"Ship v1"},"msg":"creating task"}
{"level":30,"time":1783579718062,"pid":341873,"hostname":"codespaces-f0b521","reqId":"o4xh9tlm","method":"POST","route":"/api/tasks","taskId":"i9jga5vx","msg":"task created"}
{"level":30,"time":1783579718063,"pid":341873,"hostname":"codespaces-f0b521","reqId":"arqc8le6","method":"POST","route":"/api/tasks","payload":{"title":"Ship v2"},"msg":"creating task"}
{"level":30,"time":1783579718064,"pid":341873,"hostname":"codespaces-f0b521","reqId":"arqc8le6","method":"POST","route":"/api/tasks","taskId":"5uurl9vp","msg":"task created"}
{"level":30,"time":1783579718065,"pid":341873,"hostname":"codespaces-f0b521","reqId":"f98281na","method":"PATCH","route":"/api/tasks/:id","taskId":"i9jga5vx","payload":{"completed":true},"msg":"updating task"}
{"level":30,"time":1783579718067,"pid":341873,"hostname":"codespaces-f0b521","reqId":"f98281na","method":"PATCH","route":"/api/tasks/:id","taskId":"i9jga5vx","msg":"task updated"}
{"level":30,"time":1783579718067,"pid":341873,"hostname":"codespaces-f0b521","reqId":"h4bw5klj","method":"GET","route":"/api/tasks","status":"done","count":1,"msg":"listed tasks"}
{"level":30,"time":1783579735919,"pid":343362,"hostname":"codespaces-f0b521","reqId":"9i2z7sxj","method":"POST","route":"/api/tasks","payload":{"title":"Write launch notes"},"msg":"creating task"}
{"level":30,"time":1783579735958,"pid":343362,"hostname":"codespaces-f0b521","reqId":"9i2z7sxj","method":"POST","route":"/api/tasks","taskId":"84nkh0nj","msg":"task created"}
{"level":30,"time":1783579735963,"pid":343362,"hostname":"codespaces-f0b521","reqId":"6hf5gp1u","method":"GET","route":"/api/tasks","status":"all","count":1,"msg":"listed tasks"}
{"level":30,"time":1783579735971,"pid":343362,"hostname":"codespaces-f0b521","reqId":"n6xwgimc","method":"POST","route":"/api/tasks","payload":{"dueDate":"2026-08-01"},"msg":"creating task"}
{"level":40,"time":1783579735971,"pid":343362,"hostname":"codespaces-f0b521","reqId":"n6xwgimc","method":"POST","route":"/api/tasks","msg":"create rejected: missing title"}
{"level":30,"time":1783579735973,"pid":343362,"hostname":"codespaces-f0b521","reqId":"5bvt8d6o","method":"POST","route":"/api/tasks","payload":{"title":"Renew SSL cert","dueDate":"2026-08-01"},"msg":"creating task"}
{"level":30,"time":1783579735974,"pid":343362,"hostname":"codespaces-f0b521","reqId":"5bvt8d6o","method":"POST","route":"/api/tasks","taskId":"wwmt5u1v","msg":"task created"}
{"level":30,"time":1783579735975,"pid":343362,"hostname":"codespaces-f0b521","reqId":"v70duhwa","method":"GET","route":"/api/tasks","status":"all","count":1,"msg":"listed tasks"}
{"level":30,"time":1783579735977,"pid":343362,"hostname":"codespaces-f0b521","reqId":"25nz65c9","method":"POST","route":"/api/tasks","payload":{"title":"Draft agenda"},"msg":"creating task"}
{"level":30,"time":1783579735979,"pid":343362,"hostname":"codespaces-f0b521","reqId":"25nz65c9","method":"POST","route":"/api/tasks","taskId":"hzgdje46","msg":"task created"}
{"level":30,"time":1783579735980,"pid":343362,"hostname":"codespaces-f0b521","reqId":"uw8sj684","method":"PATCH","route":"/api/tasks/:id","taskId":"hzgdje46","payload":{"title":"Draft standup agenda"},"msg":"updating task"}
{"level":30,"time":1783579735984,"pid":343362,"hostname":"codespaces-f0b521","reqId":"uw8sj684","method":"PATCH","route":"/api/tasks/:id","taskId":"hzgdje46","msg":"task updated"}
{"level":30,"time":1783579735985,"pid":343362,"hostname":"codespaces-f0b521","reqId":"j2qvv5jn","method":"GET","route":"/api/tasks","status":"all","count":1,"msg":"listed tasks"}
{"level":30,"time":1783579735989,"pid":343362,"hostname":"codespaces-f0b521","reqId":"7xtvomsk","method":"POST","route":"/api/tasks","payload":{"title":"Pay invoice"},"msg":"creating task"}
{"level":30,"time":1783579735990,"pid":343362,"hostname":"codespaces-f0b521","reqId":"7xtvomsk","method":"POST","route":"/api/tasks","taskId":"zyb9zgbd","msg":"task created"}
{"level":30,"time":1783579735991,"pid":343362,"hostname":"codespaces-f0b521","reqId":"9sokmlz4","method":"PATCH","route":"/api/tasks/:id","taskId":"zyb9zgbd","payload":{"completed":true},"msg":"updating task"}
{"level":30,"time":1783579735993,"pid":343362,"hostname":"codespaces-f0b521","reqId":"9sokmlz4","method":"PATCH","route":"/api/tasks/:id","taskId":"zyb9zgbd","msg":"task updated"}
{"level":30,"time":1783579735994,"pid":343362,"hostname":"codespaces-f0b521","reqId":"d2a4sy87","method":"GET","route":"/api/tasks","status":"all","count":1,"msg":"listed tasks"}
{"level":30,"time":1783579735994,"pid":343362,"hostname":"codespaces-f0b521","reqId":"o8gw962f","method":"PATCH","route":"/api/tasks/:id","taskId":"zyb9zgbd","payload":{"completed":false},"msg":"updating task"}
{"level":30,"time":1783579735995,"pid":343362,"hostname":"codespaces-f0b521","reqId":"o8gw962f","method":"PATCH","route":"/api/tasks/:id","taskId":"zyb9zgbd","msg":"task updated"}
{"level":30,"time":1783579735996,"pid":343362,"hostname":"codespaces-f0b521","reqId":"20clcs1j","method":"GET","route":"/api/tasks","status":"all","count":1,"msg":"listed tasks"}
{"level":30,"time":1783579735997,"pid":343362,"hostname":"codespaces-f0b521","reqId":"0kfslswo","method":"PATCH","route":"/api/tasks/:id","taskId":"does-not-exist","payload":{"completed":true},"msg":"updating task"}
{"level":40,"time":1783579736000,"pid":343362,"hostname":"codespaces-f0b521","reqId":"0kfslswo","method":"PATCH","route":"/api/tasks/:id","taskId":"does-not-exist","msg":"task not found"}
{"level":30,"time":1783579736002,"pid":343362,"hostname":"codespaces-f0b521","reqId":"n17o0lii","method":"POST","route":"/api/tasks","payload":{"title":"Ship v1"},"msg":"creating task"}
{"level":30,"time":1783579736003,"pid":343362,"hostname":"codespaces-f0b521","reqId":"n17o0lii","method":"POST","route":"/api/tasks","taskId":"fqwyfkyz","msg":"task created"}
{"level":30,"time":1783579736004,"pid":343362,"hostname":"codespaces-f0b521","reqId":"dps9bcjb","method":"POST","route":"/api/tasks","payload":{"title":"Ship v2"},"msg":"creating task"}
{"level":30,"time":1783579736008,"pid":343362,"hostname":"codespaces-f0b521","reqId":"dps9bcjb","method":"POST","route":"/api/tasks","taskId":"xdbks7b3","msg":"task created"}
{"level":30,"time":1783579736008,"pid":343362,"hostname":"codespaces-f0b521","reqId":"cgw2x82l","method":"PATCH","route":"/api/tasks/:id","taskId":"fqwyfkyz","payload":{"completed":true},"msg":"updating task"}
{"level":30,"time":1783579736011,"pid":343362,"hostname":"codespaces-f0b521","reqId":"cgw2x82l","method":"PATCH","route":"/api/tasks/:id","taskId":"fqwyfkyz","msg":"task updated"}
{"level":30,"time":1783579736012,"pid":343362,"hostname":"codespaces-f0b521","reqId":"jv6gn4lo","method":"GET","route":"/api/tasks","status":"active","count":1,"msg":"listed tasks"}
{"level":30,"time":1783579736014,"pid":343362,"hostname":"codespaces-f0b521","reqId":"57txy3ms","method":"POST","route":"/api/tasks","payload":{"title":"Ship v1"},"msg":"creating task"}
{"level":30,"time":1783579736015,"pid":343362,"hostname":"codespaces-f0b521","reqId":"57txy3ms","method":"POST","route":"/api/tasks","taskId":"nodxrb1a","msg":"task created"}
{"level":30,"time":1783579736015,"pid":343362,"hostname":"codespaces-f0b521","reqId":"d61sp1a3","method":"POST","route":"/api/tasks","payload":{"title":"Ship v2"},"msg":"creating task"}
{"level":30,"time":1783579736016,"pid":343362,"hostname":"codespaces-f0b521","reqId":"d61sp1a3","method":"POST","route":"/api/tasks","taskId":"ny2h6o2j","msg":"task created"}
{"level":30,"time":1783579736017,"pid":343362,"hostname":"codespaces-f0b521","reqId":"1bih1t1c","method":"PATCH","route":"/api/tasks/:id","taskId":"nodxrb1a","payload":{"completed":true},"msg":"updating task"}
{"level":30,"time":1783579736018,"pid":343362,"hostname":"codespaces-f0b521","reqId":"1bih1t1c","method":"PATCH","route":"/api/tasks/:id","taskId":"nodxrb1a","msg":"task updated"}
{"level":30,"time":1783579736019,"pid":343362,"hostname":"codespaces-f0b521","reqId":"5pe0qdnk","method":"GET","route":"/api/tasks","status":"done","count":1,"msg":"listed tasks"}
{"level":30,"time":1783581238270,"pid":393592,"hostname":"codespaces-f0b521","reqId":"eznbre0i","method":"POST","route":"/api/tasks","payload":{"title":"Write launch notes"},"msg":"creating task"}
{"level":30,"time":1783581238291,"pid":393592,"hostname":"codespaces-f0b521","reqId":"eznbre0i","method":"POST","route":"/api/tasks","taskId":"utuc1zcd","msg":"task created"}
{"level":30,"time":1783581238293,"pid":393592,"hostname":"codespaces-f0b521","reqId":"7wc0xcvh","method":"GET","route":"/api/tasks","status":"all","count":1,"msg":"listed tasks"}
{"level":30,"time":1783581238296,"pid":393592,"hostname":"codespaces-f0b521","reqId":"0l7pznkb","method":"POST","route":"/api/tasks","payload":{"dueDate":"2026-08-01"},"msg":"creating task"}
{"level":40,"time":1783581238296,"pid":393592,"hostname":"codespaces-f0b521","reqId":"0l7pznkb","method":"POST","route":"/api/tasks","msg":"create rejected: missing title"}
{"level":30,"time":1783581238297,"pid":393592,"hostname":"codespaces-f0b521","reqId":"t2781tut","method":"POST","route":"/api/tasks","payload":{"title":"Renew SSL cert","dueDate":"2026-08-01"},"msg":"creating task"}
{"level":30,"time":1783581238298,"pid":393592,"hostname":"codespaces-f0b521","reqId":"t2781tut","method":"POST","route":"/api/tasks","taskId":"n9bu8gfg","msg":"task created"}
{"level":30,"time":1783581238299,"pid":393592,"hostname":"codespaces-f0b521","reqId":"ir3j72p9","method":"GET","route":"/api/tasks","status":"all","count":1,"msg":"listed tasks"}
{"level":30,"time":1783581238301,"pid":393592,"hostname":"codespaces-f0b521","reqId":"ui2yhq0m","method":"POST","route":"/api/tasks","payload":{"title":"Draft agenda"},"msg":"creating task"}
{"level":30,"time":1783581238302,"pid":393592,"hostname":"codespaces-f0b521","reqId":"ui2yhq0m","method":"POST","route":"/api/tasks","taskId":"3vwqkbc7","msg":"task created"}
{"level":30,"time":1783581238303,"pid":393592,"hostname":"codespaces-f0b521","reqId":"3s42xick","method":"PATCH","route":"/api/tasks/:id","taskId":"3vwqkbc7","payload":{"title":"Draft standup agenda"},"msg":"updating task"}
{"level":30,"time":1783581238306,"pid":393592,"hostname":"codespaces-f0b521","reqId":"3s42xick","method":"PATCH","route":"/api/tasks/:id","taskId":"3vwqkbc7","msg":"task updated"}
{"level":30,"time":1783581238307,"pid":393592,"hostname":"codespaces-f0b521","reqId":"4eyrl6eq","method":"GET","route":"/api/tasks","status":"all","count":1,"msg":"listed tasks"}
{"level":30,"time":1783581238308,"pid":393592,"hostname":"codespaces-f0b521","reqId":"llmot0tl","method":"POST","route":"/api/tasks","payload":{"title":"Pay invoice"},"msg":"creating task"}
{"level":30,"time":1783581238309,"pid":393592,"hostname":"codespaces-f0b521","reqId":"llmot0tl","method":"POST","route":"/api/tasks","taskId":"suly0vl0","msg":"task created"}
{"level":30,"time":1783581238309,"pid":393592,"hostname":"codespaces-f0b521","reqId":"o7d9hxr3","method":"PATCH","route":"/api/tasks/:id","taskId":"suly0vl0","payload":{"completed":true},"msg":"updating task"}
{"level":30,"time":1783581238310,"pid":393592,"hostname":"codespaces-f0b521","reqId":"o7d9hxr3","method":"PATCH","route":"/api/tasks/:id","taskId":"suly0vl0","msg":"task updated"}
{"level":30,"time":1783581238311,"pid":393592,"hostname":"codespaces-f0b521","reqId":"ek9sy5x4","method":"GET","route":"/api/tasks","status":"all","count":1,"msg":"listed tasks"}
{"level":30,"time":1783581238311,"pid":393592,"hostname":"codespaces-f0b521","reqId":"7fq8jo3w","method":"PATCH","route":"/api/tasks/:id","taskId":"suly0vl0","payload":{"completed":false},"msg":"updating task"}
{"level":30,"time":1783581238312,"pid":393592,"hostname":"codespaces-f0b521","reqId":"7fq8jo3w","method":"PATCH","route":"/api/tasks/:id","taskId":"suly0vl0","msg":"task updated"}
{"level":30,"time":1783581238313,"pid":393592,"hostname":"codespaces-f0b521","reqId":"scopabz2","method":"GET","route":"/api/tasks","status":"all","count":1,"msg":"listed tasks"}
{"level":30,"time":1783581238314,"pid":393592,"hostname":"codespaces-f0b521","reqId":"1b97v6pr","method":"POST","route":"/api/tasks","payload":{"title":"Renew SSL cert","dueDate":"2026-08-01"},"msg":"creating task"}
{"level":30,"time":1783581238314,"pid":393592,"hostname":"codespaces-f0b521","reqId":"1b97v6pr","method":"POST","route":"/api/tasks","taskId":"pi66eqk4","msg":"task created"}
{"level":30,"time":1783581238315,"pid":393592,"hostname":"codespaces-f0b521","reqId":"ibiqoshq","method":"PATCH","route":"/api/tasks/:id","taskId":"pi66eqk4","payload":{"completed":true},"msg":"updating task"}
{"level":30,"time":1783581238316,"pid":393592,"hostname":"codespaces-f0b521","reqId":"ibiqoshq","method":"PATCH","route":"/api/tasks/:id","taskId":"pi66eqk4","msg":"task updated"}
{"level":30,"time":1783581238316,"pid":393592,"hostname":"codespaces-f0b521","reqId":"dx6fnjzp","method":"GET","route":"/api/tasks","status":"all","count":1,"msg":"listed tasks"}
{"level":30,"time":1783581238322,"pid":393592,"hostname":"codespaces-f0b521","reqId":"aokn2q0t","method":"POST","route":"/api/tasks","payload":{"title":"Renew SSL cert","dueDate":"2026-08-01"},"msg":"creating task"}
{"level":30,"time":1783581238323,"pid":393592,"hostname":"codespaces-f0b521","reqId":"aokn2q0t","method":"POST","route":"/api/tasks","taskId":"va51pcz0","msg":"task created"}
{"level":30,"time":1783581238323,"pid":393592,"hostname":"codespaces-f0b521","reqId":"1yz0gpi6","method":"PATCH","route":"/api/tasks/:id","taskId":"va51pcz0","payload":{"dueDate":null},"msg":"updating task"}
{"level":30,"time":1783581238324,"pid":393592,"hostname":"codespaces-f0b521","reqId":"1yz0gpi6","method":"PATCH","route":"/api/tasks/:id","taskId":"va51pcz0","msg":"task updated"}
{"level":30,"time":1783581238325,"pid":393592,"hostname":"codespaces-f0b521","reqId":"ialtrn8o","method":"GET","route":"/api/tasks","status":"all","count":1,"msg":"listed tasks"}
{"level":30,"time":1783581238325,"pid":393592,"hostname":"codespaces-f0b521","reqId":"0k5skyld","method":"PATCH","route":"/api/tasks/:id","taskId":"does-not-exist","payload":{"completed":true},"msg":"updating task"}
{"level":40,"time":1783581238326,"pid":393592,"hostname":"codespaces-f0b521","reqId":"0k5skyld","method":"PATCH","route":"/api/tasks/:id","taskId":"does-not-exist","msg":"task not found"}
{"level":30,"time":1783581238327,"pid":393592,"hostname":"codespaces-f0b521","reqId":"59cdnexu","method":"POST","route":"/api/tasks","payload":{"title":"Ship v1"},"msg":"creating task"}
{"level":30,"time":1783581238327,"pid":393592,"hostname":"codespaces-f0b521","reqId":"59cdnexu","method":"POST","route":"/api/tasks","taskId":"pibed8zk","msg":"task created"}
{"level":30,"time":1783581238328,"pid":393592,"hostname":"codespaces-f0b521","reqId":"pc7v8sa1","method":"POST","route":"/api/tasks","payload":{"title":"Ship v2"},"msg":"creating task"}
{"level":30,"time":1783581238329,"pid":393592,"hostname":"codespaces-f0b521","reqId":"pc7v8sa1","method":"POST","route":"/api/tasks","taskId":"i2jdm0rz","msg":"task created"}
{"level":30,"time":1783581238329,"pid":393592,"hostname":"codespaces-f0b521","reqId":"ui1t1acv","method":"PATCH","route":"/api/tasks/:id","taskId":"pibed8zk","payload":{"completed":true},"msg":"updating task"}
{"level":30,"time":1783581238330,"pid":393592,"hostname":"codespaces-f0b521","reqId":"ui1t1acv","method":"PATCH","route":"/api/tasks/:id","taskId":"pibed8zk","msg":"task updated"}
{"level":30,"time":1783581238331,"pid":393592,"hostname":"codespaces-f0b521","reqId":"s0xmphmc","method":"GET","route":"/api/tasks","status":"active","count":1,"msg":"listed tasks"}
{"level":30,"time":1783581238333,"pid":393592,"hostname":"codespaces-f0b521","reqId":"b2w71skv","method":"POST","route":"/api/tasks","payload":{"title":"Ship v1"},"msg":"creating task"}
{"level":30,"time":1783581238334,"pid":393592,"hostname":"codespaces-f0b521","reqId":"b2w71skv","method":"POST","route":"/api/tasks","taskId":"e4qcm3kw","msg":"task created"}
{"level":30,"time":1783581238335,"pid":393592,"hostname":"codespaces-f0b521","reqId":"vgnitmqn","method":"POST","route":"/api/tasks","payload":{"title":"Ship v2"},"msg":"creating task"}
{"level":30,"time":1783581238336,"pid":393592,"hostname":"codespaces-f0b521","reqId":"vgnitmqn","method":"POST","route":"/api/tasks","taskId":"6zn7qt0f","msg":"task created"}
{"level":30,"time":1783581238336,"pid":393592,"hostname":"codespaces-f0b521","reqId":"rbwkfp2t","method":"PATCH","route":"/api/tasks/:id","taskId":"e4qcm3kw","payload":{"completed":true},"msg":"updating task"}
{"level":30,"time":1783581238337,"pid":393592,"hostname":"codespaces-f0b521","reqId":"rbwkfp2t","method":"PATCH","route":"/api/tasks/:id","taskId":"e4qcm3kw","msg":"task updated"}
{"level":30,"time":1783581238338,"pid":393592,"hostname":"codespaces-f0b521","reqId":"oagrwmh9","method":"GET","route":"/api/tasks","status":"done","count":1,"msg":"listed tasks"}
{"level":30,"time":1783581256710,"pid":394894,"hostname":"codespaces-f0b521","reqId":"7g0l334c","method":"POST","route":"/api/tasks","payload":{"title":"Write launch notes"},"msg":"creating task"}
{"level":30,"time":1783581256720,"pid":394894,"hostname":"codespaces-f0b521","reqId":"7g0l334c","method":"POST","route":"/api/tasks","taskId":"zw87yno4","msg":"task created"}
{"level":30,"time":1783581256735,"pid":394894,"hostname":"codespaces-f0b521","reqId":"de7w6u7m","method":"GET","route":"/api/tasks","status":"all","count":1,"msg":"listed tasks"}
{"level":30,"time":1783581256750,"pid":394894,"hostname":"codespaces-f0b521","reqId":"8s1mhupj","method":"POST","route":"/api/tasks","payload":{"dueDate":"2026-08-01"},"msg":"creating task"}
{"level":40,"time":1783581256750,"pid":394894,"hostname":"codespaces-f0b521","reqId":"8s1mhupj","method":"POST","route":"/api/tasks","msg":"create rejected: missing title"}
{"level":30,"time":1783581256751,"pid":394894,"hostname":"codespaces-f0b521","reqId":"imzyzxge","method":"POST","route":"/api/tasks","payload":{"title":"Renew SSL cert","dueDate":"2026-08-01"},"msg":"creating task"}
{"level":30,"time":1783581256752,"pid":394894,"hostname":"codespaces-f0b521","reqId":"imzyzxge","method":"POST","route":"/api/tasks","taskId":"b6w8453b","msg":"task created"}
{"level":30,"time":1783581256753,"pid":394894,"hostname":"codespaces-f0b521","reqId":"s4mmsgjb","method":"GET","route":"/api/tasks","status":"all","count":1,"msg":"listed tasks"}
{"level":30,"time":1783581256754,"pid":394894,"hostname":"codespaces-f0b521","reqId":"pwykzghc","method":"POST","route":"/api/tasks","payload":{"title":"Draft agenda"},"msg":"creating task"}
{"level":30,"time":1783581256755,"pid":394894,"hostname":"codespaces-f0b521","reqId":"pwykzghc","method":"POST","route":"/api/tasks","taskId":"dwddme17","msg":"task created"}
{"level":30,"time":1783581256756,"pid":394894,"hostname":"codespaces-f0b521","reqId":"35fxzdqi","method":"PATCH","route":"/api/tasks/:id","taskId":"dwddme17","payload":{"title":"Draft standup agenda"},"msg":"updating task"}
{"level":30,"time":1783581256758,"pid":394894,"hostname":"codespaces-f0b521","reqId":"35fxzdqi","method":"PATCH","route":"/api/tasks/:id","taskId":"dwddme17","msg":"task updated"}
{"level":30,"time":1783581256759,"pid":394894,"hostname":"codespaces-f0b521","reqId":"7rb1x9ac","method":"GET","route":"/api/tasks","status":"all","count":1,"msg":"listed tasks"}
{"level":30,"time":1783581256761,"pid":394894,"hostname":"codespaces-f0b521","reqId":"v17aufpm","method":"POST","route":"/api/tasks","payload":{"title":"Pay invoice"},"msg":"creating task"}
{"level":30,"time":1783581256761,"pid":394894,"hostname":"codespaces-f0b521","reqId":"v17aufpm","method":"POST","route":"/api/tasks","taskId":"k277qmws","msg":"task created"}
{"level":30,"time":1783581256762,"pid":394894,"hostname":"codespaces-f0b521","reqId":"zz6ncdub","method":"PATCH","route":"/api/tasks/:id","taskId":"k277qmws","payload":{"completed":true},"msg":"updating task"}
{"level":30,"time":1783581256763,"pid":394894,"hostname":"codespaces-f0b521","reqId":"zz6ncdub","method":"PATCH","route":"/api/tasks/:id","taskId":"k277qmws","msg":"task updated"}
{"level":30,"time":1783581256763,"pid":394894,"hostname":"codespaces-f0b521","reqId":"0l6knkpm","method":"GET","route":"/api/tasks","status":"all","count":1,"msg":"listed tasks"}
{"level":30,"time":1783581256764,"pid":394894,"hostname":"codespaces-f0b521","reqId":"krhhavy2","method":"PATCH","route":"/api/tasks/:id","taskId":"k277qmws","payload":{"completed":false},"msg":"updating task"}
{"level":30,"time":1783581256765,"pid":394894,"hostname":"codespaces-f0b521","reqId":"krhhavy2","method":"PATCH","route":"/api/tasks/:id","taskId":"k277qmws","msg":"task updated"}
{"level":30,"time":1783581256765,"pid":394894,"hostname":"codespaces-f0b521","reqId":"vkrrcda0","method":"GET","route":"/api/tasks","status":"all","count":1,"msg":"listed tasks"}
{"level":30,"time":1783581256766,"pid":394894,"hostname":"codespaces-f0b521","reqId":"4dyjdm4q","method":"POST","route":"/api/tasks","payload":{"title":"Renew SSL cert","dueDate":"2026-08-01"},"msg":"creating task"}
{"level":30,"time":1783581256767,"pid":394894,"hostname":"codespaces-f0b521","reqId":"4dyjdm4q","method":"POST","route":"/api/tasks","taskId":"8cf93ash","msg":"task created"}
{"level":30,"time":1783581256767,"pid":394894,"hostname":"codespaces-f0b521","reqId":"46w5t5zm","method":"PATCH","route":"/api/tasks/:id","taskId":"8cf93ash","payload":{"completed":true},"msg":"updating task"}
{"level":30,"time":1783581256768,"pid":394894,"hostname":"codespaces-f0b521","reqId":"46w5t5zm","method":"PATCH","route":"/api/tasks/:id","taskId":"8cf93ash","msg":"task updated"}
{"level":30,"time":1783581256769,"pid":394894,"hostname":"codespaces-f0b521","reqId":"4ymux4rv","method":"GET","route":"/api/tasks","status":"all","count":1,"msg":"listed tasks"}
{"level":30,"time":1783581256769,"pid":394894,"hostname":"codespaces-f0b521","reqId":"5egfv1l1","method":"POST","route":"/api/tasks","payload":{"title":"Renew SSL cert","dueDate":"2026-08-01"},"msg":"creating task"}
{"level":30,"time":1783581256770,"pid":394894,"hostname":"codespaces-f0b521","reqId":"5egfv1l1","method":"POST","route":"/api/tasks","taskId":"orhf1r9b","msg":"task created"}
{"level":30,"time":1783581256770,"pid":394894,"hostname":"codespaces-f0b521","reqId":"91wxkdpx","method":"PATCH","route":"/api/tasks/:id","taskId":"orhf1r9b","payload":{"dueDate":null},"msg":"updating task"}
{"level":30,"time":1783581256771,"pid":394894,"hostname":"codespaces-f0b521","reqId":"91wxkdpx","method":"PATCH","route":"/api/tasks/:id","taskId":"orhf1r9b","msg":"task updated"}
{"level":30,"time":1783581256772,"pid":394894,"hostname":"codespaces-f0b521","reqId":"xi9kgfq2","method":"GET","route":"/api/tasks","status":"all","count":1,"msg":"listed tasks"}
{"level":30,"time":1783581256773,"pid":394894,"hostname":"codespaces-f0b521","reqId":"8zsl7o2t","method":"PATCH","route":"/api/tasks/:id","taskId":"does-not-exist","payload":{"completed":true},"msg":"updating task"}
{"level":40,"time":1783581256773,"pid":394894,"hostname":"codespaces-f0b521","reqId":"8zsl7o2t","method":"PATCH","route":"/api/tasks/:id","taskId":"does-not-exist","msg":"task not found"}
{"level":30,"time":1783581256774,"pid":394894,"hostname":"codespaces-f0b521","reqId":"3pbbc0nb","method":"POST","route":"/api/tasks","payload":{"title":"Ship v1"},"msg":"creating task"}
{"level":30,"time":1783581256775,"pid":394894,"hostname":"codespaces-f0b521","reqId":"3pbbc0nb","method":"POST","route":"/api/tasks","taskId":"14v31j0f","msg":"task created"}
{"level":30,"time":1783581256775,"pid":394894,"hostname":"codespaces-f0b521","reqId":"g1ix26nk","method":"POST","route":"/api/tasks","payload":{"title":"Ship v2"},"msg":"creating task"}
{"level":30,"time":1783581256776,"pid":394894,"hostname":"codespaces-f0b521","reqId":"g1ix26nk","method":"POST","route":"/api/tasks","taskId":"v758v58b","msg":"task created"}
{"level":30,"time":1783581256776,"pid":394894,"hostname":"codespaces-f0b521","reqId":"dyqg0rgg","method":"PATCH","route":"/api/tasks/:id","taskId":"14v31j0f","payload":{"completed":true},"msg":"updating task"}
{"level":30,"time":1783581256777,"pid":394894,"hostname":"codespaces-f0b521","reqId":"dyqg0rgg","method":"PATCH","route":"/api/tasks/:id","taskId":"14v31j0f","msg":"task updated"}
{"level":30,"time":1783581256778,"pid":394894,"hostname":"codespaces-f0b521","reqId":"ha0hrnwr","method":"GET","route":"/api/tasks","status":"active","count":1,"msg":"listed tasks"}
{"level":30,"time":1783581256781,"pid":394894,"hostname":"codespaces-f0b521","reqId":"evqtxur6","method":"POST","route":"/api/tasks","payload":{"title":"Ship v1"},"msg":"creating task"}
{"level":30,"time":1783581256784,"pid":394894,"hostname":"codespaces-f0b521","reqId":"evqtxur6","method":"POST","route":"/api/tasks","taskId":"sr5nvsbe","msg":"task created"}
{"level":30,"time":1783581256784,"pid":394894,"hostname":"codespaces-f0b521","reqId":"w613z6qe","method":"POST","route":"/api/tasks","payload":{"title":"Ship v2"},"msg":"creating task"}
{"level":30,"time":1783581256785,"pid":394894,"hostname":"codespaces-f0b521","reqId":"w613z6qe","method":"POST","route":"/api/tasks","taskId":"vwuxvmh8","msg":"task created"}
{"level":30,"time":1783581256785,"pid":394894,"hostname":"codespaces-f0b521","reqId":"ybfo25vo","method":"PATCH","route":"/api/tasks/:id","taskId":"sr5nvsbe","payload":{"completed":true},"msg":"updating task"}
{"level":30,"time":1783581256786,"pid":394894,"hostname":"codespaces-f0b521","reqId":"ybfo25vo","method":"PATCH","route":"/api/tasks/:id","taskId":"sr5nvsbe","msg":"task updated"}
{"level":30,"time":1783581256788,"pid":394894,"hostname":"codespaces-f0b521","reqId":"1vtsytug","method":"GET","route":"/api/tasks","status":"done","count":1,"msg":"listed tasks"}
